COUNTVECTORIZER CONFIG
----------------------

Fitting CV...
Training SVM...
Training complete.

Results for (word, ngram_range(1,2):
Baseline Accuracy: 0.5010241977910058
Testing Accuracy:  0.7672127031946275

Fitting CV...
Training SVM...
Training complete.

Results for (word, ngram_range(1,3):
Baseline Accuracy: 0.5093419061584675
Testing Accuracy:  0.7833741291658821

Fitting CV...
Training SVM...
Training complete.

Results for (word, ngram_range(1,5):
Baseline Accuracy: 0.49979922542917565
Testing Accuracy:  0.787830289336597

Fitting CV...
Training SVM...
Training complete.

Results for (word, ngram_range(1,10):
Baseline Accuracy: 0.496564102768123
Testing Accuracy:  0.784221427226511

Fitting CV...
Training SVM...
Training complete.

Results for (word, ngram_range(1,20):
Baseline Accuracy: 0.4972578535930557
Testing Accuracy:  0.7816795330446243
