COUNTVECTORIZER CONFIG
----------------------

Fitting CV......
Training RF/GS....
Training complete.

Results for (word, ngram_range(1,2):
Baseline Accuracy: 0.49983619153569847
Testing Accuracy:  0.7155555555555555

Fitting CV......
Training RF/GS....
Training complete.

Results for (word, ngram_range(1,3):
Baseline Accuracy: 0.49585265990305727
Testing Accuracy:  0.7076767676767677

Fitting CV......
Training RF/GS....
Training complete.

Results for (word, ngram_range(1,5):
Baseline Accuracy: 0.5113764485793564
Testing Accuracy:  0.693939393939394

Fitting CV......
Training RF/GS....
Training complete.

Results for (word, ngram_range(1,10):
Baseline Accuracy: 0.4969764507989908
Testing Accuracy:  0.6953535353535354

Fitting CV......
Training RF/GS....
Training complete.

Results for (word, ngram_range(1,20):
Baseline Accuracy: 0.4873456254943575
Testing Accuracy:  0.6866666666666666
