COUNTVECTORIZER CONFIG
----------------------

Fitting CV......
Training RF/GS....
Training complete.

Results for (char, ngram_range(1,2):
Baseline Accuracy: 0.49875151263879786
Testing Accuracy:  0.6880808080808081

Fitting CV......
Training RF/GS....
Training complete.

Results for (char, ngram_range(1,3):
Baseline Accuracy: 0.49971256760334326
Testing Accuracy:  0.7058585858585859

Fitting CV......
Training RF/GS....
Training complete.

Results for (char, ngram_range(1,5):
Baseline Accuracy: 0.5020512820512821
Testing Accuracy:  0.7141414141414142

Fitting CV......
Training RF/GS....
Training complete.

Results for (char, ngram_range(1,10):
Baseline Accuracy: 0.5005553734658946
Testing Accuracy:  0.7262626262626263

Fitting CV......
Training RF/GS....
Training complete.

Results for (char, ngram_range(1,20):
Baseline Accuracy: 0.49252230887480786
Testing Accuracy:  0.7024242424242424
